<?xml version="1.0" encoding="UTF-8"?>
<!-- Generated by org.testng.reporters.JUnitReportReporter -->
<testsuite hostname="DESKTOP-53EJ0K8" failures="0" tests="8" name="BasicConcepts.SampleTestNG2" time="0.029" errors="0" timestamp="2023-05-10T06:02:34 IST" skipped="4">
  <testcase classname="BasicConcepts.SampleTestNG2" name="Test4" time="0.001"/>
  <system-out/>
  <testcase classname="BasicConcepts.SampleTestNG2" name="Test1" time="0.013"/>
  <system-out/>
  <testcase classname="BasicConcepts.SampleTestNG2" name="Test4" time="0.002"/>
  <system-out/>
  <testcase classname="BasicConcepts.SampleTestNG2" name="Test1" time="0.013"/>
  <system-out/>
  <testcase classname="BasicConcepts.SampleTestNG2" name="Test3">
    <skipped/>
  </testcase> <!-- Test3 -->
  <system-out/>
  <testcase classname="BasicConcepts.SampleTestNG2" name="Test2">
    <skipped/>
  </testcase> <!-- Test2 -->
  <system-out/>
  <testcase classname="BasicConcepts.SampleTestNG2" name="Test2">
    <skipped/>
  </testcase> <!-- Test2 -->
  <system-out/>
  <testcase classname="BasicConcepts.SampleTestNG2" name="Test3">
    <skipped/>
  </testcase> <!-- Test3 -->
  <system-out/>
</testsuite> <!-- BasicConcepts.SampleTestNG2 -->
