<?xml version="1.0" encoding="UTF-8"?>
<!-- Generated by org.testng.reporters.JUnitReportReporter -->
<testsuite hostname="DESKTOP-53EJ0K8" failures="0" tests="12" name="BasicConcepts.GroupingConcept" time="0.036" errors="0" timestamp="2023-05-10T06:11:25 IST" skipped="0">
  <testcase classname="BasicConcepts.GroupingConcept" name="Test4" time="0.000"/>
  <system-out/>
  <testcase classname="BasicConcepts.GroupingConcept" name="Test3" time="0.001"/>
  <system-out/>
  <testcase classname="BasicConcepts.GroupingConcept" name="Test5" time="0.001"/>
  <system-out/>
  <testcase classname="BasicConcepts.GroupingConcept" name="softAssert" time="0.011"/>
  <system-out/>
  <testcase classname="BasicConcepts.GroupingConcept" name="hardAssert" time="0.001"/>
  <system-out/>
  <testcase classname="BasicConcepts.GroupingConcept" name="Test1" time="0.016"/>
  <system-out/>
  <testcase classname="BasicConcepts.GroupingConcept" name="Test2" time="0.001"/>
  <system-out/>
  <testcase classname="BasicConcepts.GroupingConcept" name="Test6" time="0.001"/>
  <system-out/>
  <testcase classname="BasicConcepts.GroupingConcept" name="login" time="0.001"/>
  <system-out/>
  <testcase classname="BasicConcepts.GroupingConcept" name="Test7" time="0.001"/>
  <system-out/>
  <testcase classname="BasicConcepts.GroupingConcept" name="username" time="0.001"/>
  <system-out/>
  <testcase classname="BasicConcepts.GroupingConcept" name="password" time="0.001"/>
  <system-out/>
</testsuite> <!-- BasicConcepts.GroupingConcept -->
